2019-04-03 10:25:03,421:INFO: Building model...
2019-04-03 10:25:04,170:WARNING: From /home/lionel/virtualenv/python2/lib/python2.7/site-packages/tensorflow/python/ops/sparse_ops.py:1165: sparse_to_dense (from tensorflow.python.ops.sparse_ops) is deprecated and will be removed in a future version.
Instructions for updating:
Create a `tf.sparse.SparseTensor` and use `tf.sparse.to_dense` instead.
2019-04-03 10:25:14,295:INFO: - done.
2019-04-03 10:25:14,295:INFO: Epoch 1/10
2019-04-03 10:26:30,230:INFO: Building model...
2019-04-03 10:26:30,490:WARNING: From /home/lionel/virtualenv/python2/lib/python2.7/site-packages/tensorflow/python/ops/sparse_ops.py:1165: sparse_to_dense (from tensorflow.python.ops.sparse_ops) is deprecated and will be removed in a future version.
Instructions for updating:
Create a `tf.sparse.SparseTensor` and use `tf.sparse.to_dense` instead.
2019-04-03 10:26:31,846:INFO: - done.
2019-04-03 10:26:31,846:INFO: Epoch 1/10
2019-04-03 10:26:57,932:INFO: Building model...
2019-04-03 10:26:58,194:WARNING: From /home/lionel/virtualenv/python2/lib/python2.7/site-packages/tensorflow/python/ops/sparse_ops.py:1165: sparse_to_dense (from tensorflow.python.ops.sparse_ops) is deprecated and will be removed in a future version.
Instructions for updating:
Create a `tf.sparse.SparseTensor` and use `tf.sparse.to_dense` instead.
2019-04-03 10:26:59,574:INFO: - done.
2019-04-03 10:26:59,574:INFO: Epoch 1/10
2019-04-03 10:30:03,322:INFO: Building model...
2019-04-03 10:30:04,180:WARNING: From /home/lionel/virtualenv/commonenv/lib/python3.5/site-packages/tensorflow/python/ops/sparse_ops.py:1165: sparse_to_dense (from tensorflow.python.ops.sparse_ops) is deprecated and will be removed in a future version.
Instructions for updating:
Create a `tf.sparse.SparseTensor` and use `tf.sparse.to_dense` instead.
2019-04-03 10:30:05,828:INFO: - done.
2019-04-03 10:30:05,828:INFO: Epoch 1/10
2019-04-03 10:33:59,791:INFO: Building model...
2019-04-03 10:34:00,052:WARNING: From /home/lionel/virtualenv/python2/lib/python2.7/site-packages/tensorflow/python/ops/sparse_ops.py:1165: sparse_to_dense (from tensorflow.python.ops.sparse_ops) is deprecated and will be removed in a future version.
Instructions for updating:
Create a `tf.sparse.SparseTensor` and use `tf.sparse.to_dense` instead.
2019-04-03 10:34:01,444:INFO: - done.
2019-04-03 10:34:01,444:INFO: Epoch 1/10
